# JRE version: Java(TM) SE Runtime Environment (8.0_201-b09) (build 1.8.0_201-b09)
# Java VM: Java HotSpot(TM) 64-Bit Server VM (25.201-b09 mixed mode linux-amd64 compressed oops)
Heap:
 par new generation   total 64768K, used 38418K [0x0000000080000000, 0x0000000084640000, 0x00000000a9990000)
  eden space 57600K,  66% used [0x0000000080000000, 0x000000008257dfd8, 0x0000000083840000)
  from space 7168K,   0% used [0x0000000083840000, 0x00000000838468d0, 0x0000000083f40000)
  to   space 7168K,   0% used [0x0000000083f40000, 0x0000000083f40000, 0x0000000084640000)
 concurrent mark-sweep generation total 258916K, used 166036K [0x00000000a9990000, 0x00000000b9669000, 0x0000000100000000)
 Metaspace       used 179196K, capacity 183566K, committed 183936K, reserved 1193984K
  class space    used 39303K, capacity 39978K, committed 40092K, reserved 1048576K
GC Heap History (10 events):
Event: 7214.223 GC heap before
{Heap before GC invocations=3408 (full 18):
 par new generation   total 64768K, used 57618K [0x0000000080000000, 0x0000000084640000, 0x00000000a9990000)
  eden space 57600K, 100% used [0x0000000080000000, 0x0000000083840000, 0x0000000083840000)
  from space 7168K,   0% used [0x0000000083f40000, 0x0000000083f44890, 0x0000000084640000)
  to   space 7168K,   0% used [0x0000000083840000, 0x0000000083840000, 0x0000000083f40000)
 concurrent mark-sweep generation total 258916K, used 166033K [0x00000000a9990000, 0x00000000b9669000, 0x0000000100000000)
 Metaspace       used 179187K, capacity 183566K, committed 183936K, reserved 1193984K
  class space    used 39302K, capacity 39978K, committed 40092K, reserved 1048576K
Event: 7214.226 GC heap after
Heap after GC invocations=3409 (full 18):
 par new generation   total 64768K, used 20K [0x0000000080000000, 0x0000000084640000, 0x00000000a9990000)
  eden space 57600K,   0% used [0x0000000080000000, 0x0000000080000000, 0x0000000083840000)
  from space 7168K,   0% used [0x0000000083840000, 0x0000000083845030, 0x0000000083f40000)
  to   space 7168K,   0% used [0x0000000083f40000, 0x0000000083f40000, 0x0000000084640000)
 concurrent mark-sweep generation total 258916K, used 166034K [0x00000000a9990000, 0x00000000b9669000, 0x0000000100000000)
 Metaspace       used 179187K, capacity 183566K, committed 183936K, reserved 1193984K
  class space    used 39302K, capacity 39978K, committed 40092K, reserved 1048576K
}
Event: 7218.556 GC heap before
{Heap before GC invocations=3409 (full 18):
 par new generation   total 64768K, used 57620K [0x0000000080000000, 0x0000000084640000, 0x00000000a9990000)
  eden space 57600K, 100% used [0x0000000080000000, 0x0000000083840000, 0x0000000083840000)
  from space 7168K,   0% used [0x0000000083840000, 0x0000000083845030, 0x0000000083f40000)
  to   space 7168K,   0% used [0x0000000083f40000, 0x0000000083f40000, 0x0000000084640000)
 concurrent mark-sweep generation total 258916K, used 166034K [0x00000000a9990000, 0x00000000b9669000, 0x0000000100000000)
 Metaspace       used 179187K, capacity 183566K, committed 183936K, reserved 1193984K
  class space    used 39302K, capacity 39978K, committed 40092K, reserved 1048576K
Event: 7218.559 GC heap after
Heap after GC invocations=3410 (full 18):
 par new generation   total 64768K, used 16K [0x0000000080000000, 0x0000000084640000, 0x00000000a9990000)
  eden space 57600K,   0% used [0x0000000080000000, 0x0000000080000000, 0x0000000083840000)
  from space 7168K,   0% used [0x0000000083f40000, 0x0000000083f44080, 0x0000000084640000)
  to   space 7168K,   0% used [0x0000000083840000, 0x0000000083840000, 0x0000000083f40000)
 concurrent mark-sweep generation total 258916K, used 166034K [0x00000000a9990000, 0x00000000b9669000, 0x0000000100000000)
 Metaspace       used 179187K, capacity 183566K, committed 183936K, reserved 1193984K
  class space    used 39302K, capacity 39978K, committed 40092K, reserved 1048576K
}
Event: 7222.908 GC heap before
{Heap before GC invocations=3410 (full 18):
 par new generation   total 64768K, used 57616K [0x0000000080000000, 0x0000000084640000, 0x00000000a9990000)
  eden space 57600K, 100% used [0x0000000080000000, 0x0000000083840000, 0x0000000083840000)
  from space 7168K,   0% used [0x0000000083f40000, 0x0000000083f44080, 0x0000000084640000)
  to   space 7168K,   0% used [0x0000000083840000, 0x0000000083840000, 0x0000000083f40000)
 concurrent mark-sweep generation total 258916K, used 166034K [0x00000000a9990000, 0x00000000b9669000, 0x0000000100000000)
 Metaspace       used 179187K, capacity 183566K, committed 183936K, reserved 1193984K
  class space    used 39302K, capacity 39978K, committed 40092K, reserved 1048576K
Event: 7222.912 GC heap after
Heap after GC invocations=3411 (full 18):
 par new generation   total 64768K, used 14K [0x0000000080000000, 0x0000000084640000, 0x00000000a9990000)
  eden space 57600K,   0% used [0x0000000080000000, 0x0000000080000000, 0x0000000083840000)
  from space 7168K,   0% used [0x0000000083840000, 0x0000000083843870, 0x0000000083f40000)
  to   space 7168K,   0% used [0x0000000083f40000, 0x0000000083f40000, 0x0000000084640000)
 concurrent mark-sweep generation total 258916K, used 166035K [0x00000000a9990000, 0x00000000b9669000, 0x0000000100000000)
 Metaspace       used 179187K, capacity 183566K, committed 183936K, reserved 1193984K
  class space    used 39302K, capacity 39978K, committed 40092K, reserved 1048576K
}
Event: 7231.120 GC heap before
{Heap before GC invocations=3411 (full 18):
 par new generation   total 64768K, used 57614K [0x0000000080000000, 0x0000000084640000, 0x00000000a9990000)
  eden space 57600K, 100% used [0x0000000080000000, 0x0000000083840000, 0x0000000083840000)
  from space 7168K,   0% used [0x0000000083840000, 0x0000000083843870, 0x0000000083f40000)
  to   space 7168K,   0% used [0x0000000083f40000, 0x0000000083f40000, 0x0000000084640000)
 concurrent mark-sweep generation total 258916K, used 166035K [0x00000000a9990000, 0x00000000b9669000, 0x0000000100000000)
 Metaspace       used 179187K, capacity 183566K, committed 183936K, reserved 1193984K
  class space    used 39302K, capacity 39978K, committed 40092K, reserved 1048576K
Event: 7231.126 GC heap after
Heap after GC invocations=3412 (full 18):
 par new generation   total 64768K, used 16K [0x0000000080000000, 0x0000000084640000, 0x00000000a9990000)
  eden space 57600K,   0% used [0x0000000080000000, 0x0000000080000000, 0x0000000083840000)
  from space 7168K,   0% used [0x0000000083f40000, 0x0000000083f44080, 0x0000000084640000)
  to   space 7168K,   0% used [0x0000000083840000, 0x0000000083840000, 0x0000000083f40000)
 concurrent mark-sweep generation total 258916K, used 166035K [0x00000000a9990000, 0x00000000b9669000, 0x0000000100000000)
 Metaspace       used 179187K, capacity 183566K, committed 183936K, reserved 1193984K
  class space    used 39302K, capacity 39978K, committed 40092K, reserved 1048576K
}
Event: 7239.098 GC heap before
{Heap before GC invocations=3412 (full 18):
 par new generation   total 64768K, used 57616K [0x0000000080000000, 0x0000000084640000, 0x00000000a9990000)
  eden space 57600K, 100% used [0x0000000080000000, 0x0000000083840000, 0x0000000083840000)
  from space 7168K,   0% used [0x0000000083f40000, 0x0000000083f44080, 0x0000000084640000)
  to   space 7168K,   0% used [0x0000000083840000, 0x0000000083840000, 0x0000000083f40000)
 concurrent mark-sweep generation total 258916K, used 166035K [0x00000000a9990000, 0x00000000b9669000, 0x0000000100000000)
 Metaspace       used 179187K, capacity 183566K, committed 183936K, reserved 1193984K
  class space    used 39302K, capacity 39978K, committed 40092K, reserved 1048576K
Event: 7239.103 GC heap after
Heap after GC invocations=3413 (full 18):
 par new generation   total 64768K, used 26K [0x0000000080000000, 0x0000000084640000, 0x00000000a9990000)
  eden space 57600K,   0% used [0x0000000080000000, 0x0000000080000000, 0x0000000083840000)
  from space 7168K,   0% used [0x0000000083840000, 0x00000000838468d0, 0x0000000083f40000)
  to   space 7168K,   0% used [0x0000000083f40000, 0x0000000083f40000, 0x0000000084640000)
 concurrent mark-sweep generation total 258916K, used 166036K [0x00000000a9990000, 0x00000000b9669000, 0x0000000100000000)
 Metaspace       used 179187K, capacity 183566K, committed 183936K, reserved 1193984K
  class space    used 39302K, capacity 39978K, committed 40092K, reserved 1048576K
}

